<?xml version="1.0" encoding="UTF-8"?>
<!-- Generated by org.testng.reporters.JUnitReportReporter -->
<testsuite hostname="DESKTOP-KACRRKI" failures="0" tests="1" name="test.com.itexps.CalculatorTest" time="0.010" errors="0" timestamp="24 Aug 2024 17:08:12 GMT">
  <testcase classname="test.com.itexps.CalculatorTest" name="TestAdd" time="0.010"/>
</testsuite> <!-- test.com.itexps.CalculatorTest -->
