<?xml version="1.0" encoding="UTF-8"?>
<!-- Generated by org.testng.reporters.JUnitReportReporter -->
<testsuite hostname="DESKTOP-KACRRKI" failures="0" tests="1" name="test.com.itexps.CalculatorTest" time="0.016" errors="0" timestamp="28 Aug 2024 21:41:54 GMT">
  <testcase classname="test.com.itexps.CalculatorTest" name="TestAdd" time="0.016"/>
</testsuite> <!-- test.com.itexps.CalculatorTest -->
